<?xml version="1.0" encoding="UTF-8"?>
<!-- Generated by org.testng.reporters.JUnitXMLReporter -->
<testsuite hostname="all-PC" ignored="0" name="Default test" tests="3" failures="0" timestamp="29 Aug 2018 06:04:13 GMT" time="0.076" errors="0">
  <testcase name="multiply" time="0.01" classname="myPackage.TestNG_Demo1"/>
  <testcase name="subtraction1" time="0.004" classname="myPackage.TestNG_Demo1"/>
  <testcase name="addition" time="0.003" classname="myPackage.TestNG_Demo1"/>
</testsuite> <!-- Default test -->
