<?xml version="1.0" encoding="UTF-8"?>
<testng-results skipped="0" failed="0" ignored="0" total="3" passed="3">
  <reporter-output>
  </reporter-output>
  <suite name="Default suite" duration-ms="76" started-at="2018-08-29T06:04:13Z" finished-at="2018-08-29T06:04:13Z">
    <groups>
    </groups>
    <test name="Default test" duration-ms="76" started-at="2018-08-29T06:04:13Z" finished-at="2018-08-29T06:04:13Z">
      <class name="myPackage.TestNG_Demo1">
        <test-method status="PASS" signature="beforeMethod()[pri:0, instance:myPackage.TestNG_Demo1@27a8c74e]" name="beforeMethod" is-config="true" duration-ms="7" started-at="2018-08-29T06:04:13Z" finished-at="2018-08-29T06:04:13Z">
          <reporter-output>
          </reporter-output>
        </test-method> <!-- beforeMethod -->
        <test-method status="PASS" signature="multiply()[pri:0, instance:myPackage.TestNG_Demo1@27a8c74e]" name="multiply" duration-ms="10" started-at="2018-08-29T06:04:13Z" finished-at="2018-08-29T06:04:13Z">
          <reporter-output>
          </reporter-output>
        </test-method> <!-- multiply -->
        <test-method status="PASS" signature="afterMethod()[pri:0, instance:myPackage.TestNG_Demo1@27a8c74e]" name="afterMethod" is-config="true" duration-ms="1" started-at="2018-08-29T06:04:13Z" finished-at="2018-08-29T06:04:13Z">
          <reporter-output>
          </reporter-output>
        </test-method> <!-- afterMethod -->
        <test-method status="PASS" signature="beforeMethod()[pri:0, instance:myPackage.TestNG_Demo1@27a8c74e]" name="beforeMethod" is-config="true" duration-ms="2" started-at="2018-08-29T06:04:13Z" finished-at="2018-08-29T06:04:13Z">
          <reporter-output>
          </reporter-output>
        </test-method> <!-- beforeMethod -->
        <test-method status="PASS" signature="subtraction1()[pri:1, instance:myPackage.TestNG_Demo1@27a8c74e]" name="subtraction1" duration-ms="4" started-at="2018-08-29T06:04:13Z" finished-at="2018-08-29T06:04:13Z">
          <reporter-output>
          </reporter-output>
        </test-method> <!-- subtraction1 -->
        <test-method status="PASS" signature="afterMethod()[pri:0, instance:myPackage.TestNG_Demo1@27a8c74e]" name="afterMethod" is-config="true" duration-ms="1" started-at="2018-08-29T06:04:13Z" finished-at="2018-08-29T06:04:13Z">
          <reporter-output>
          </reporter-output>
        </test-method> <!-- afterMethod -->
        <test-method status="PASS" signature="beforeMethod()[pri:0, instance:myPackage.TestNG_Demo1@27a8c74e]" name="beforeMethod" is-config="true" duration-ms="1" started-at="2018-08-29T06:04:13Z" finished-at="2018-08-29T06:04:13Z">
          <reporter-output>
          </reporter-output>
        </test-method> <!-- beforeMethod -->
        <test-method status="PASS" signature="addition()[pri:2, instance:myPackage.TestNG_Demo1@27a8c74e]" name="addition" duration-ms="3" started-at="2018-08-29T06:04:13Z" finished-at="2018-08-29T06:04:13Z">
          <reporter-output>
          </reporter-output>
        </test-method> <!-- addition -->
        <test-method status="PASS" signature="afterMethod()[pri:0, instance:myPackage.TestNG_Demo1@27a8c74e]" name="afterMethod" is-config="true" duration-ms="1" started-at="2018-08-29T06:04:13Z" finished-at="2018-08-29T06:04:13Z">
          <reporter-output>
          </reporter-output>
        </test-method> <!-- afterMethod -->
      </class> <!-- myPackage.TestNG_Demo1 -->
    </test> <!-- Default test -->
  </suite> <!-- Default suite -->
</testng-results>
